EDA Netlist Writer report for MIPS
Mon Dec 11 00:48:27 2017
Quartus II 64-Bit Version 13.0.1 Build 232 06/12/2013 Service Pack 1 SJ Web Edition


---------------------
; Table of Contents ;
---------------------
  1. Legal Notice
  2. EDA Netlist Writer Summary
  3. Simulation Settings
  4. Simulation Generated Files
  5. EDA Netlist Writer Messages



----------------
; Legal Notice ;
----------------
Copyright (C) 1991-2013 Altera Corporation
Your use of Altera Corporation's design tools, logic functions 
and other software and tools, and its AMPP partner logic 
functions, and any output files from any of the foregoing 
(including device programming or simulation files), and any 
associated documentation or information are expressly subject 
to the terms and conditions of the Altera Program License 
Subscription Agreement, Altera MegaCore Function License 
Agreement, or other applicable license agreement, including, 
without limitation, that your use is for the sole purpose of 
programming logic devices manufactured by Altera and sold by 
Altera or its authorized distributors.  Please refer to the 
applicable agreement for further details.



+-------------------------------------------------------------------+
; EDA Netlist Writer Summary                                        ;
+---------------------------+---------------------------------------+
; EDA Netlist Writer Status ; Successful - Mon Dec 11 00:48:27 2017 ;
; Revision Name             ; MIPS                                  ;
; Top-level Entity Name     ; MIPS                                  ;
; Family                    ; Cyclone II                            ;
; Simulation Files Creation ; Successful                            ;
+---------------------------+---------------------------------------+


+-------------------------------------------------------------------------------------------------------------------------------+
; Simulation Settings                                                                                                           ;
+---------------------------------------------------------------------------------------------------+---------------------------+
; Option                                                                                            ; Setting                   ;
+---------------------------------------------------------------------------------------------------+---------------------------+
; Tool Name                                                                                         ; ModelSim-Altera (Verilog) ;
; Generate netlist for functional simulation only                                                   ; On                        ;
; Truncate long hierarchy paths                                                                     ; Off                       ;
; Map illegal HDL characters                                                                        ; Off                       ;
; Flatten buses into individual nodes                                                               ; Off                       ;
; Maintain hierarchy                                                                                ; Off                       ;
; Bring out device-wide set/reset signals as ports                                                  ; Off                       ;
; Enable glitch filtering                                                                           ; Off                       ;
; Do not write top level VHDL entity                                                                ; Off                       ;
; Disable detection of setup and hold time violations in the input registers of bi-directional pins ; Off                       ;
; Architecture name in VHDL output netlist                                                          ; structure                 ;
; Generate third-party EDA tool command script for RTL functional simulation                        ; Off                       ;
; Generate third-party EDA tool command script for gate-level simulation                            ; Off                       ;
+---------------------------------------------------------------------------------------------------+---------------------------+


+----------------------------------------------------------------------------+
; Simulation Generated Files                                                 ;
+----------------------------------------------------------------------------+
; Generated Files                                                            ;
+----------------------------------------------------------------------------+
; C:/Users/miche_000.ADMIN/Desktop/Projeto final/simulation/modelsim/MIPS.vo ;
+----------------------------------------------------------------------------+


+-----------------------------+
; EDA Netlist Writer Messages ;
+-----------------------------+
Info: *******************************************************************
Info: Running Quartus II 64-Bit EDA Netlist Writer
    Info: Version 13.0.1 Build 232 06/12/2013 Service Pack 1 SJ Web Edition
    Info: Processing started: Mon Dec 11 00:48:26 2017
Info: Command: quartus_eda --functional=on --simulation=on --tool=modelsim_oem --format=verilog MIPS -c MIPS
Info (119006): Selected device EP2C70F896C6 for design "MIPS"
Info (119042): Found following RAM instances in design that are actually implemented as ROM because the write logic is always disabled
    Info (119043): Atom "FETCH:FETCH_inst1|MemI:MemI_inst1|altsyncram:altsyncram_component|altsyncram_ohg1:auto_generated|ram_block1a0" is instantiated as RAM, but it is actually implemented as ROM function because the write logic is always disabled
    Info (119043): Atom "FETCH:FETCH_inst1|MemI:MemI_inst1|altsyncram:altsyncram_component|altsyncram_ohg1:auto_generated|ram_block1a1" is instantiated as RAM, but it is actually implemented as ROM function because the write logic is always disabled
    Info (119043): Atom "FETCH:FETCH_inst1|MemI:MemI_inst1|altsyncram:altsyncram_component|altsyncram_ohg1:auto_generated|ram_block1a2" is instantiated as RAM, but it is actually implemented as ROM function because the write logic is always disabled
    Info (119043): Atom "FETCH:FETCH_inst1|MemI:MemI_inst1|altsyncram:altsyncram_component|altsyncram_ohg1:auto_generated|ram_block1a3" is instantiated as RAM, but it is actually implemented as ROM function because the write logic is always disabled
    Info (119043): Atom "FETCH:FETCH_inst1|MemI:MemI_inst1|altsyncram:altsyncram_component|altsyncram_ohg1:auto_generated|ram_block1a4" is instantiated as RAM, but it is actually implemented as ROM function because the write logic is always disabled
    Info (119043): Atom "FETCH:FETCH_inst1|MemI:MemI_inst1|altsyncram:altsyncram_component|altsyncram_ohg1:auto_generated|ram_block1a5" is instantiated as RAM, but it is actually implemented as ROM function because the write logic is always disabled
    Info (119043): Atom "FETCH:FETCH_inst1|MemI:MemI_inst1|altsyncram:altsyncram_component|altsyncram_ohg1:auto_generated|ram_block1a6" is instantiated as RAM, but it is actually implemented as ROM function because the write logic is always disabled
    Info (119043): Atom "FETCH:FETCH_inst1|MemI:MemI_inst1|altsyncram:altsyncram_component|altsyncram_ohg1:auto_generated|ram_block1a7" is instantiated as RAM, but it is actually implemented as ROM function because the write logic is always disabled
    Info (119043): Atom "FETCH:FETCH_inst1|MemI:MemI_inst1|altsyncram:altsyncram_component|altsyncram_ohg1:auto_generated|ram_block1a8" is instantiated as RAM, but it is actually implemented as ROM function because the write logic is always disabled
    Info (119043): Atom "FETCH:FETCH_inst1|MemI:MemI_inst1|altsyncram:altsyncram_component|altsyncram_ohg1:auto_generated|ram_block1a9" is instantiated as RAM, but it is actually implemented as ROM function because the write logic is always disabled
    Info (119043): Atom "FETCH:FETCH_inst1|MemI:MemI_inst1|altsyncram:altsyncram_component|altsyncram_ohg1:auto_generated|ram_block1a10" is instantiated as RAM, but it is actually implemented as ROM function because the write logic is always disabled
    Info (119043): Atom "FETCH:FETCH_inst1|MemI:MemI_inst1|altsyncram:altsyncram_component|altsyncram_ohg1:auto_generated|ram_block1a11" is instantiated as RAM, but it is actually implemented as ROM function because the write logic is always disabled
    Info (119043): Atom "FETCH:FETCH_inst1|MemI:MemI_inst1|altsyncram:altsyncram_component|altsyncram_ohg1:auto_generated|ram_block1a12" is instantiated as RAM, but it is actually implemented as ROM function because the write logic is always disabled
    Info (119043): Atom "FETCH:FETCH_inst1|MemI:MemI_inst1|altsyncram:altsyncram_component|altsyncram_ohg1:auto_generated|ram_block1a13" is instantiated as RAM, but it is actually implemented as ROM function because the write logic is always disabled
    Info (119043): Atom "FETCH:FETCH_inst1|MemI:MemI_inst1|altsyncram:altsyncram_component|altsyncram_ohg1:auto_generated|ram_block1a14" is instantiated as RAM, but it is actually implemented as ROM function because the write logic is always disabled
    Info (119043): Atom "FETCH:FETCH_inst1|MemI:MemI_inst1|altsyncram:altsyncram_component|altsyncram_ohg1:auto_generated|ram_block1a15" is instantiated as RAM, but it is actually implemented as ROM function because the write logic is always disabled
    Info (119043): Atom "FETCH:FETCH_inst1|MemI:MemI_inst1|altsyncram:altsyncram_component|altsyncram_ohg1:auto_generated|ram_block1a16" is instantiated as RAM, but it is actually implemented as ROM function because the write logic is always disabled
    Info (119043): Atom "FETCH:FETCH_inst1|MemI:MemI_inst1|altsyncram:altsyncram_component|altsyncram_ohg1:auto_generated|ram_block1a17" is instantiated as RAM, but it is actually implemented as ROM function because the write logic is always disabled
    Info (119043): Atom "FETCH:FETCH_inst1|MemI:MemI_inst1|altsyncram:altsyncram_component|altsyncram_ohg1:auto_generated|ram_block1a18" is instantiated as RAM, but it is actually implemented as ROM function because the write logic is always disabled
    Info (119043): Atom "FETCH:FETCH_inst1|MemI:MemI_inst1|altsyncram:altsyncram_component|altsyncram_ohg1:auto_generated|ram_block1a19" is instantiated as RAM, but it is actually implemented as ROM function because the write logic is always disabled
    Info (119043): Atom "FETCH:FETCH_inst1|MemI:MemI_inst1|altsyncram:altsyncram_component|altsyncram_ohg1:auto_generated|ram_block1a20" is instantiated as RAM, but it is actually implemented as ROM function because the write logic is always disabled
    Info (119043): Atom "FETCH:FETCH_inst1|MemI:MemI_inst1|altsyncram:altsyncram_component|altsyncram_ohg1:auto_generated|ram_block1a21" is instantiated as RAM, but it is actually implemented as ROM function because the write logic is always disabled
    Info (119043): Atom "FETCH:FETCH_inst1|MemI:MemI_inst1|altsyncram:altsyncram_component|altsyncram_ohg1:auto_generated|ram_block1a22" is instantiated as RAM, but it is actually implemented as ROM function because the write logic is always disabled
    Info (119043): Atom "FETCH:FETCH_inst1|MemI:MemI_inst1|altsyncram:altsyncram_component|altsyncram_ohg1:auto_generated|ram_block1a23" is instantiated as RAM, but it is actually implemented as ROM function because the write logic is always disabled
    Info (119043): Atom "FETCH:FETCH_inst1|MemI:MemI_inst1|altsyncram:altsyncram_component|altsyncram_ohg1:auto_generated|ram_block1a24" is instantiated as RAM, but it is actually implemented as ROM function because the write logic is always disabled
    Info (119043): Atom "FETCH:FETCH_inst1|MemI:MemI_inst1|altsyncram:altsyncram_component|altsyncram_ohg1:auto_generated|ram_block1a25" is instantiated as RAM, but it is actually implemented as ROM function because the write logic is always disabled
    Info (119043): Atom "FETCH:FETCH_inst1|MemI:MemI_inst1|altsyncram:altsyncram_component|altsyncram_ohg1:auto_generated|ram_block1a26" is instantiated as RAM, but it is actually implemented as ROM function because the write logic is always disabled
    Info (119043): Atom "FETCH:FETCH_inst1|MemI:MemI_inst1|altsyncram:altsyncram_component|altsyncram_ohg1:auto_generated|ram_block1a27" is instantiated as RAM, but it is actually implemented as ROM function because the write logic is always disabled
    Info (119043): Atom "FETCH:FETCH_inst1|MemI:MemI_inst1|altsyncram:altsyncram_component|altsyncram_ohg1:auto_generated|ram_block1a28" is instantiated as RAM, but it is actually implemented as ROM function because the write logic is always disabled
    Info (119043): Atom "FETCH:FETCH_inst1|MemI:MemI_inst1|altsyncram:altsyncram_component|altsyncram_ohg1:auto_generated|ram_block1a29" is instantiated as RAM, but it is actually implemented as ROM function because the write logic is always disabled
    Info (119043): Atom "FETCH:FETCH_inst1|MemI:MemI_inst1|altsyncram:altsyncram_component|altsyncram_ohg1:auto_generated|ram_block1a30" is instantiated as RAM, but it is actually implemented as ROM function because the write logic is always disabled
    Info (119043): Atom "FETCH:FETCH_inst1|MemI:MemI_inst1|altsyncram:altsyncram_component|altsyncram_ohg1:auto_generated|ram_block1a31" is instantiated as RAM, but it is actually implemented as ROM function because the write logic is always disabled
Info (204019): Generated file MIPS.vo in folder "C:/Users/miche_000.ADMIN/Desktop/Projeto final/simulation/modelsim/" for EDA simulation tool
Info: Quartus II 64-Bit EDA Netlist Writer was successful. 0 errors, 0 warnings
    Info: Peak virtual memory: 408 megabytes
    Info: Processing ended: Mon Dec 11 00:48:27 2017
    Info: Elapsed time: 00:00:01
    Info: Total CPU time (on all processors): 00:00:01


